<?xml version="1.0" encoding="UTF-8"?>
<!-- Generated by org.testng.reporters.JUnitReportReporter -->
<testsuite hostname="Prabhu" failures="0" tests="1" name="edu.testng.test2" time="0.000" errors="0" timestamp="2023-09-08T13:15:13 IST" skipped="1">
  <testcase classname="edu.testng.test2" name="testing2" time="0.000">
    <skipped/>
  </testcase> <!-- testing2 -->
  <system-out/>
</testsuite> <!-- edu.testng.test2 -->
