<?xml version="1.0" encoding="UTF-8"?>
<!-- Generated by org.testng.reporters.JUnitReportReporter -->
<testsuite hostname="Prabhu" failures="0" tests="3" name="edu.relativeLocators.Screenshot.Test01" time="3.724" errors="0" timestamp="2023-08-31T12:00:50 IST" skipped="0">
  <testcase classname="edu.relativeLocators.Screenshot.Test01" name="launchBrowser" time="3.341"/>
  <system-out/>
  <testcase classname="edu.relativeLocators.Screenshot.Test01" name="validate_TakeScreenshot" time="0.318"/>
  <system-out/>
  <testcase classname="edu.relativeLocators.Screenshot.Test01" name="closeDriver" time="0.065"/>
  <system-out/>
</testsuite> <!-- edu.relativeLocators.Screenshot.Test01 -->
