<?xml version="1.0" encoding="UTF-8"?>
<!-- Generated by org.testng.reporters.JUnitReportReporter -->
<testsuite hostname="Prabhu" failures="0" tests="1" name="edu.testng.test1" time="0.001" errors="0" timestamp="2023-09-12T19:22:20 IST" skipped="0">
  <testcase classname="edu.testng.test1" name="testing1" time="0.001"/>
  <system-out/>
</testsuite> <!-- edu.testng.test1 -->
