<?xml version="1.0" encoding="UTF-8"?>
<!-- Generated by org.testng.reporters.JUnitReportReporter -->
<testsuite hostname="Prabhu" failures="0" tests="2" name="edu.relativeLocators.Screenshot.Screenshot" time="0.633" errors="0" timestamp="2023-08-30T12:14:38 IST" skipped="0">
  <testcase classname="edu.relativeLocators.Screenshot.Screenshot" name="launchBrowser" time="0.503"/>
  <system-out/>
  <testcase classname="edu.relativeLocators.Screenshot.Screenshot" name="closeDriver" time="0.130"/>
  <system-out/>
</testsuite> <!-- edu.relativeLocators.Screenshot.Screenshot -->
