<?xml version="1.0" encoding="UTF-8"?>
<!-- Generated by org.testng.reporters.JUnitReportReporter -->
<testsuite hostname="Prabhu" failures="0" tests="3" name="edu.relativeLocators.Screenshot.Test02" time="10.317" errors="0" timestamp="2023-09-04T23:38:15 IST" skipped="1">
  <testcase classname="edu.relativeLocators.Screenshot.Test02" name="validate_UseAutoIt" time="9.208"/>
  <system-out/>
  <testcase classname="edu.relativeLocators.Screenshot.Test02" name="launchBrowser" time="1.109"/>
  <system-out/>
  <testcase classname="edu.relativeLocators.Screenshot.Test02" name="closeDriver">
    <skipped/>
  </testcase> <!-- closeDriver -->
  <system-out/>
</testsuite> <!-- edu.relativeLocators.Screenshot.Test02 -->
