<?xml version="1.0" encoding="UTF-8"?>
<!-- Generated by org.testng.reporters.JUnitReportReporter -->
<testsuite hostname="Prabhu" failures="0" tests="1" name="edu.testng.test2" time="0.000" errors="0" timestamp="2023-09-12T18:44:17 IST" skipped="0">
  <testcase classname="edu.testng.test2" name="testing2" time="0.000"/>
  <system-out/>
</testsuite> <!-- edu.testng.test2 -->
